<?xml version="1.0" encoding="UTF-8"?>
<!-- Generated by org.testng.reporters.JUnitXMLReporter -->
<testsuite ignored="0" hostname="Bhavadharani" failures="1" tests="7" name="Test" time="2.882" errors="0" timestamp="2026-03-13T08:23:43 IST">
  <testcase classname="practice.DemoTest" name="login" time="0.008"/>
  <testcase classname="practice.TestPractice" name="loginTest" time="0.014"/>
  <testcase classname="practice.TestPractice" name="logoutTest" time="0.003"/>
  <testcase classname="practice.DemoTest" name="addEmployee" time="0.002"/>
  <testcase classname="practice.DemoSoftAssert" name="testMethod" time="0.031">
    <failure type="java.lang.AssertionError" message="The following asserts failed:
	expected [PEC] but found [PECC]">
      <![CDATA[java.lang.AssertionError: The following asserts failed:
expected [PEC] but found [PECC]
at practice.DemoSoftAssert.testMethod(DemoSoftAssert.java:21)
at java.base/java.util.concurrent.Executors$RunnableAdapter.call(Executors.java:572)
at java.base/java.util.concurrent.FutureTask.run(FutureTask.java:317)
at java.base/java.util.concurrent.ThreadPoolExecutor.runWorker(ThreadPoolExecutor.java:1144)
at java.base/java.util.concurrent.ThreadPoolExecutor$Worker.run(ThreadPoolExecutor.java:642)
at java.base/java.lang.Thread.run(Thread.java:1575)
... Removed 13 stack frames]]>
    </failure>
  </testcase> <!-- testMethod -->
  <testcase classname="practice.DemoTest" name="logout" time="0.003"/>
  <testcase classname="practice.DemoHardAssert" name="testMethod" time="2.809"/>
</testsuite> <!-- Test -->
