<?xml version="1.0" encoding="UTF-8"?>
<!-- Generated by org.testng.reporters.JUnitReportReporter -->
<testsuite hostname="Bhavadharani" failures="0" tests="6" name="WeeklyAssessment3.TestCase1" time="4.812" errors="0" timestamp="2026-03-13T13:33:20 IST" skipped="0">
  <testcase classname="WeeklyAssessment3.TestCase1" name="launchingBrowser" time="1.704"/>
  <testcase classname="WeeklyAssessment3.TestCase1" name="login" time="1.745">
    <system-out>
      <![CDATA[Login Successfully]]>
    </system-out>
  </testcase> <!-- login -->
  <testcase classname="WeeklyAssessment3.TestCase1" name="validateProductPage" time="0.043">
    <system-out>
      <![CDATA[Products Page is Displayed Successfully.]]>
    </system-out>
  </testcase> <!-- validateProductPage -->
  <testcase classname="WeeklyAssessment3.TestCase1" name="addToCart" time="0.366"/>
  <testcase classname="WeeklyAssessment3.TestCase1" name="checkoutProducts" time="0.540"/>
  <testcase classname="WeeklyAssessment3.TestCase1" name="logout" time="0.414">
    <system-out>
      <![CDATA[Logout Successfully]]>
    </system-out>
  </testcase> <!-- logout -->
  <system-out>
    <![CDATA[Login Successfully
Products Page is Displayed Successfully.
Logout Successfully]]>
  </system-out>
</testsuite> <!-- WeeklyAssessment3.TestCase1 -->
