<?xml version="1.0" encoding="UTF-8"?>
<!-- Generated by org.testng.reporters.JUnitReportReporter -->
<testsuite hostname="Bhavadharani" failures="0" tests="3" name="genricUtiliy.CrossBrowserBaseClass" time="0.042" errors="0" timestamp="2026-03-13T11:15:21 IST" skipped="0">
  <testcase classname="genricUtiliy.CrossBrowserBaseClass" name="beforeMethod" time="0.019">
    <system-out>
      <![CDATA[--Executing Before Methods--]]>
    </system-out>
  </testcase> <!-- beforeMethod -->
  <testcase classname="genricUtiliy.CrossBrowserBaseClass" name="beforeMethod" time="0.020">
    <system-out>
      <![CDATA[--Executing Before Methods--]]>
    </system-out>
  </testcase> <!-- beforeMethod -->
  <testcase classname="genricUtiliy.CrossBrowserBaseClass" name="beforeMethod" time="0.003">
    <system-out>
      <![CDATA[--Executing Before Methods--]]>
    </system-out>
  </testcase> <!-- beforeMethod -->
  <system-out>
    <![CDATA[--Executing Suite and Connecting to DataBase--
--Executing System TestCase--
--Executing System TestCase--
--Executing System TestCase--
--Executing Before Class--
--Executing Before Class--
--Executing Before Class--
--Executing Before Methods--
--Executing Before Methods--
--Executing Before Methods--
--Executing Before Methods--
--Execution of After Methods Completed--
--Execution of After Methods Completed--
--Execution of After Class Completed--
--Execution of After Class Completed--
--Execution System TestCase Completed--
--Execution System TestCase Completed--
--Executing Before Methods--
--Executing Before Methods--
--Execution of After Methods Completed--
--Execution of After Class Completed--
--Execution System TestCase Completed--
--Execution of Suite is completed and disconnected the DB--]]>
  </system-out>
</testsuite> <!-- genricUtiliy.CrossBrowserBaseClass -->
