<?xml version="1.0" encoding="UTF-8"?>
<!-- Generated by org.testng.reporters.JUnitReportReporter -->
<testsuite hostname="Bhavadharani" failures="0" tests="6" name="WeeklyAssessment3.TestCase2" time="12.419" errors="0" timestamp="2026-03-13T14:01:56 IST" skipped="0">
  <testcase classname="WeeklyAssessment3.TestCase2" name="launchingBrowser" time="2.009"/>
  <testcase classname="WeeklyAssessment3.TestCase2" name="login" time="8.479">
    <system-out>
      <![CDATA[Login Successfully]]>
    </system-out>
  </testcase> <!-- login -->
  <testcase classname="WeeklyAssessment3.TestCase2" name="sortsPrice" time="0.282"/>
  <testcase classname="WeeklyAssessment3.TestCase2" name="addLowestPriceProducttoCart" time="0.349"/>
  <testcase classname="WeeklyAssessment3.TestCase2" name="checkoutProducts" time="0.750"/>
  <testcase classname="WeeklyAssessment3.TestCase2" name="logout" time="0.550">
    <system-out>
      <![CDATA[Logout Successfully]]>
    </system-out>
  </testcase> <!-- logout -->
  <system-out>
    <![CDATA[Login Successfully
Logout Successfully]]>
  </system-out>
</testsuite> <!-- WeeklyAssessment3.TestCase2 -->
