<?xml version="1.0" encoding="UTF-8"?>
<!-- Generated by org.testng.reporters.JUnitReportReporter -->
<testsuite hostname="Bhavadharani" failures="0" tests="2" name="practice.AddToCartTest" time="0.643" errors="0" timestamp="2026-03-13T08:21:22 IST" skipped="0">
  <testcase classname="practice.AddToCartTest" name="login" time="0.074">
    <system-out>
      <![CDATA[Login Successful]]>
    </system-out>
  </testcase> <!-- login -->
  <testcase classname="practice.AddToCartTest" name="addToCart" time="0.569"/>
  <system-out>
    <![CDATA[--Executing Suite and Connecting to DataBase--
--Executing System TestCase--
--Executing AddToCartTest Class--
--Executing AddToCartTest Class Methods--
Login Successful
--Execution of AddToCartTest Class Methods Completed--
--Executing AddToCartTest Class Methods--
--Execution of AddToCartTest Class Methods Completed--
--Execution of AddToCartTest Class Completed--
--Execution System TestCase Completed--
--Execution of Suite is completed and disconnected the DB--]]>
  </system-out>
</testsuite> <!-- practice.AddToCartTest -->
